e:\github\leven\leven\x64\debug\vc143.pdb
e:\github\leven\leven\x64\debug\vc143.idb
e:\github\leven\leven\x64\debug\imgui_draw.obj
e:\github\leven\leven\x64\debug\imgui.obj
e:\github\leven\leven\x64\debug\stb_image.obj
e:\github\leven\leven\x64\debug\remotery.obj
e:\github\leven\leven\x64\debug\primes.obj
e:\github\leven\leven\x64\debug\pool_allocator.obj
e:\github\leven\leven\x64\debug\physics.obj
e:\github\leven\leven\x64\debug\octree.obj
e:\github\leven\leven\x64\debug\ng_mesh_simplify.obj
e:\github\leven\leven\x64\debug\main.obj
e:\github\leven\leven\x64\debug\log.obj
e:\github\leven\leven\x64\debug\imgui_handlers.obj
e:\github\leven\leven\x64\debug\gui.obj
e:\github\leven\leven\x64\debug\frustum.obj
e:\github\leven\leven\x64\debug\file_utils.obj
e:\github\leven\leven\x64\debug\config.obj
e:\github\leven\leven\x64\debug\compute_program.obj
e:\github\leven\leven\x64\debug\compute_octree.obj
e:\github\leven\leven\x64\debug\compute_density_field.obj
e:\github\leven\leven\x64\debug\compute_cuckoo.obj
e:\github\leven\leven\x64\debug\compute_csg.obj
e:\github\leven\leven\x64\debug\compute.obj
e:\github\leven\leven\x64\debug\clipmap.obj
e:\github\leven\leven\x64\debug\actors.obj
e:\github\leven\leven\x64\debug\volume.obj
e:\github\leven\leven\x64\debug\viewer.obj
e:\github\leven\leven\x64\debug\util.obj
e:\github\leven\leven\x64\debug\threadpool.obj
e:\github\leven\leven\x64\debug\render.obj
e:\github\leven\leven\x64\debug\resource.obj
e:\github\leven\leven\x64\debug\render_shapes.obj
e:\github\leven\leven\x64\debug\camera.obj
e:\github\leven\leven\x64\debug\render_program.obj
e:\github\leven\leven\x64\debug\render_mesh.obj
e:\github\leven\leven\x64\debug\render_debug.obj
e:\github\leven\leven\x64\debug\render_actor.obj
e:\github\leven\leven\x64\debug\random.obj
e:\github\leven\leven\x64\debug\qef_simd.obj
e:\github\leven\x64\debug\leven.exe
e:\github\leven\x64\debug\leven.pdb
e:\github\leven\leven\x64\debug\leven.tlog\cl.command.1.tlog
e:\github\leven\leven\x64\debug\leven.tlog\cl.read.1.tlog
e:\github\leven\leven\x64\debug\leven.tlog\cl.write.1.tlog
e:\github\leven\leven\x64\debug\leven.tlog\link.command.1.tlog
e:\github\leven\leven\x64\debug\leven.tlog\link.read.1.tlog
e:\github\leven\leven\x64\debug\leven.tlog\link.write.1.tlog
